<?xml version="1.0" encoding="UTF-8"?>
<!-- Generated by org.testng.reporters.JUnitReportReporter -->
<testsuite hostname="LAPTOP-OB0LINQE" failures="0" tests="1" name="pkgtest.TestPage" time="19.808" errors="0" timestamp="2024-11-14T21:29:45 IST" skipped="0">
  <testcase classname="pkgtest.TestPage" name="test1" time="19.808"/>
</testsuite> <!-- pkgtest.TestPage -->
