<?xml version="1.0" encoding="UTF-8"?>
<!-- Generated by org.testng.reporters.JUnitReportReporter -->
<testsuite hostname="LAPTOP-OB0LINQE" failures="0" tests="1" name="pkgtest.Testpkg" time="7.127" errors="0" timestamp="2024-11-13T09:47:19 IST" skipped="0">
  <testcase classname="pkgtest.Testpkg" name="test1" time="7.127"/>
</testsuite> <!-- pkgtest.Testpkg -->
